Using pre-set license
Built from '2020.3/staging' branch; Version is '2020.3.22f1 (e1a7f79fd887) revision 14788599'; Using compiler version '192528614'; Build Type 'Release'
OS: 'Windows 10 Home; OS build 19042.1466; Version 2009; 64bit' Language: 'en' Physical Memory: 32636 MB
BatchMode: 1, IsHumanControllingUs: 0, StartBugReporterOnCrash: 0, Is64bit: 1, IsPro: 0

COMMAND LINE ARGUMENTS:
D:\UnityVersions\2020.3.22f1\Editor\Unity.exe
-adb2
-batchMode
-noUpm
-name
AssetImportWorker0
-projectPath
D:/Projetos/Projetos/GameJams/GGJ2022
-logFile
Logs/AssetImportWorker0.log
-srvPort
60655
Successfully changed project path to: D:/Projetos/Projetos/GameJams/GGJ2022
D:/Projetos/Projetos/GameJams/GGJ2022
Using Asset Import Pipeline V2.
Refreshing native plugins compatible for Editor in 44.09 ms, found 3 plugins.
Preloading 0 native plugins for Editor in 0.00 ms.
Initialize engine version: 2020.3.22f1 (e1a7f79fd887)
[Subsystems] Discovering subsystems at path D:/UnityVersions/2020.3.22f1/Editor/Data/Resources/UnitySubsystems
[Subsystems] Discovering subsystems at path D:/Projetos/Projetos/GameJams/GGJ2022/Assets
GfxDevice: creating device client; threaded=0
Direct3D:
    Version:  Direct3D 11.0 [level 11.1]
    Renderer: NVIDIA GeForce RTX 3060 Laptop GPU (ID=0x2560)
    Vendor:   
    VRAM:     6023 MB
    Driver:   30.0.15.1123
Initialize mono
Mono path[0] = 'D:/UnityVersions/2020.3.22f1/Editor/Data/Managed'
Mono path[1] = 'D:/UnityVersions/2020.3.22f1/Editor/Data/MonoBleedingEdge/lib/mono/unityjit'
Mono config path = 'D:/UnityVersions/2020.3.22f1/Editor/Data/MonoBleedingEdge/etc'
Using monoOptions --debugger-agent=transport=dt_socket,embedding=1,server=y,suspend=n,address=127.0.0.1:56228
Begin MonoManager ReloadAssembly
Registering precompiled unity dll's ...
Register platform support module: D:/UnityVersions/2020.3.22f1/Editor/Data/PlaybackEngines/WebGLSupport/UnityEditor.WebGL.Extensions.dll
Register platform support module: D:/UnityVersions/2020.3.22f1/Editor/Data/PlaybackEngines/MacStandaloneSupport/UnityEditor.OSXStandalone.Extensions.dll
Register platform support module: D:/UnityVersions/2020.3.22f1/Editor/Data/PlaybackEngines/WindowsStandaloneSupport/UnityEditor.WindowsStandalone.Extensions.dll
Registered in 0.005952 seconds.
Native extension for WindowsStandalone target not found
Native extension for OSXStandalone target not found
Native extension for WebGL target not found
Refreshing native plugins compatible for Editor in 42.90 ms, found 3 plugins.
Preloading 0 native plugins for Editor in 0.00 ms.
Mono: successfully reloaded assembly
- Completed reload, in  2.327 seconds
Domain Reload Profiling:
	ReloadAssembly (2327ms)
		BeginReloadAssembly (63ms)
			ExecutionOrderSort (0ms)
			DisableScriptedObjects (0ms)
			BackupInstance (0ms)
			ReleaseScriptingObjects (0ms)
			CreateAndSetChildDomain (1ms)
		EndReloadAssembly (427ms)
			LoadAssemblies (60ms)
			RebuildTransferFunctionScriptingTraits (0ms)
			SetupTypeCache (142ms)
			ReleaseScriptCaches (0ms)
			RebuildScriptCaches (24ms)
			SetupLoadedEditorAssemblies (164ms)
				LogAssemblyErrors (0ms)
				InitializePlatformSupportModulesInManaged (7ms)
				SetLoadedEditorAssemblies (0ms)
				RefreshPlugins (43ms)
				BeforeProcessingInitializeOnLoad (12ms)
				ProcessInitializeOnLoadAttributes (74ms)
				ProcessInitializeOnLoadMethodAttributes (28ms)
				AfterProcessingInitializeOnLoad (0ms)
				EditorAssembliesLoaded (0ms)
			ExecutionOrderSort2 (0ms)
			AwakeInstancesAfterBackupRestoration (0ms)
Platform modules already initialized, skipping
Registering precompiled user dll's ...
Registered in 0.007336 seconds.
Begin MonoManager ReloadAssembly
Native extension for WindowsStandalone target not found
Native extension for OSXStandalone target not found
Native extension for WebGL target not found
Refreshing native plugins compatible for Editor in 43.44 ms, found 3 plugins.
Preloading 0 native plugins for Editor in 0.00 ms.
Mono: successfully reloaded assembly
- Completed reload, in  1.053 seconds
Domain Reload Profiling:
	ReloadAssembly (1054ms)
		BeginReloadAssembly (131ms)
			ExecutionOrderSort (0ms)
			DisableScriptedObjects (4ms)
			BackupInstance (0ms)
			ReleaseScriptingObjects (0ms)
			CreateAndSetChildDomain (19ms)
		EndReloadAssembly (857ms)
			LoadAssemblies (100ms)
			RebuildTransferFunctionScriptingTraits (0ms)
			SetupTypeCache (257ms)
			ReleaseScriptCaches (1ms)
			RebuildScriptCaches (38ms)
			SetupLoadedEditorAssemblies (360ms)
				LogAssemblyErrors (0ms)
				InitializePlatformSupportModulesInManaged (6ms)
				SetLoadedEditorAssemblies (0ms)
				RefreshPlugins (44ms)
				BeforeProcessingInitializeOnLoad (94ms)
				ProcessInitializeOnLoadAttributes (189ms)
				ProcessInitializeOnLoadMethodAttributes (15ms)
				AfterProcessingInitializeOnLoad (12ms)
				EditorAssembliesLoaded (0ms)
			ExecutionOrderSort2 (0ms)
			AwakeInstancesAfterBackupRestoration (6ms)
Platform modules already initialized, skipping
========================================================================
Worker process is ready to serve import requests
Launched and connected shader compiler UnityShaderCompiler.exe after 0.05 seconds
Refreshing native plugins compatible for Editor in 0.94 ms, found 3 plugins.
Preloading 0 native plugins for Editor in 0.00 ms.
Unloading 2182 Unused Serialized files (Serialized files now loaded: 0)
System memory in use before: 95.4 MB.
System memory in use after: 95.5 MB.

Unloading 28 unused Assets to reduce memory usage. Loaded Objects now: 2615.
Total: 3.493100 ms (FindLiveObjects: 0.284800 ms CreateObjectMapping: 0.062400 ms MarkObjects: 3.058400 ms  DeleteObjects: 0.085500 ms)

AssetImportParameters requested are different than current active one (requested -> active):
  custom:framework-win-MediaFoundation: 216162199b28c13a410421893ffa2e32 -> 
  custom:video-decoder-ogg-theora: a1e56fd34408186e4bbccfd4996cb3dc -> 
  custom:container-muxer-webm: aa71ff27fc2769a1b78a27578f13a17b -> 
  custom:container-demuxer-webm: 4f35f7cbe854078d1ac9338744f61a02 -> 
  custom:container-demuxer-ogg: 62fdf1f143b41e24485cea50d1cbac27 -> 
  custom:video-encoder-webm-vp8: eb34c28f22e8b96e1ab97ce403110664 -> 
  custom:video-codec-MediaFoundation-h265: 746d11721c4dcdbdad8f713fa42b33f4 -> 
  custom:video-decoder-webm-vp8: 9c59270c3fd7afecdb556c50c9e8de78 -> 
  custom:audio-decoder-ogg-vorbis: bf7c407c2cedff20999df2af8eb42d56 -> 
  custom:audio-encoder-webm-vorbis: bf7c407c2cedff20999df2af8eb42d56 -> 
========================================================================
Received Import Request.
  path: Assets
  artifactKey: Guid(00000000000000001000000000000000) Importer(815301076,1909f56bfc062723c751e8b465ee728b)
Start importing Assets using Guid(00000000000000001000000000000000) Importer(815301076,1909f56bfc062723c751e8b465ee728b)  -> (artifact id: '42d402b061de3733987d63b9cc3b64de') in 0.011227 seconds 
  Import took 0.015035 seconds .

========================================================================
Received Import Request.
  Time since last request: 0.000187 seconds.
  path: Assets/Scripts
  artifactKey: Guid(fc31646f5ee3a1c4abf4f3a287daaea5) Importer(815301076,1909f56bfc062723c751e8b465ee728b)
Start importing Assets/Scripts using Guid(fc31646f5ee3a1c4abf4f3a287daaea5) Importer(815301076,1909f56bfc062723c751e8b465ee728b)  -> (artifact id: 'dcb658e2d428bb198670bf386d20fbe1') in 0.007094 seconds 
  Import took 0.010063 seconds .

========================================================================
Received Import Request.
  Time since last request: 2.221036 seconds.
  path: Assets/Prefabs
  artifactKey: Guid(3c6011b7514ae814d813bc4b491c6fb2) Importer(815301076,1909f56bfc062723c751e8b465ee728b)
Start importing Assets/Prefabs using Guid(3c6011b7514ae814d813bc4b491c6fb2) Importer(815301076,1909f56bfc062723c751e8b465ee728b)  -> (artifact id: 'afcdb6877866ed2e524f55e46f4b73a5') in 0.008673 seconds 
  Import took 0.012475 seconds .

========================================================================
Received Import Request.
  Time since last request: 6.828502 seconds.
  path: Assets/Art
  artifactKey: Guid(14e5b3b3f1bc4dc45995aff081317a41) Importer(815301076,1909f56bfc062723c751e8b465ee728b)
Start importing Assets/Art using Guid(14e5b3b3f1bc4dc45995aff081317a41) Importer(815301076,1909f56bfc062723c751e8b465ee728b)  -> (artifact id: '41a1fe18f54507763773bb714ce62a55') in 0.007131 seconds 
  Import took 0.010443 seconds .

========================================================================
Received Import Request.
  Time since last request: 3.244102 seconds.
  path: Assets/Sound
  artifactKey: Guid(35e61ec85f594274fa5c8c5bc3df3955) Importer(815301076,1909f56bfc062723c751e8b465ee728b)
Start importing Assets/Sound using Guid(35e61ec85f594274fa5c8c5bc3df3955) Importer(815301076,1909f56bfc062723c751e8b465ee728b)  -> (artifact id: 'e91c93a75cd306946457c82f9aeda55b') in 0.007030 seconds 
  Import took 0.010557 seconds .

========================================================================
Received Import Request.
  Time since last request: 8.436294 seconds.
  path: Assets/So
  artifactKey: Guid(1bd74f1e00570474abea1791d490f377) Importer(815301076,1909f56bfc062723c751e8b465ee728b)
Start importing Assets/So using Guid(1bd74f1e00570474abea1791d490f377) Importer(815301076,1909f56bfc062723c751e8b465ee728b)  -> (artifact id: 'abd9115fccef7663a59278d7036fae7c') in 0.007135 seconds 
  Import took 0.010609 seconds .

========================================================================
Received Import Request.
  Time since last request: 3.842838 seconds.
  path: Assets/SO
  artifactKey: Guid(1bd74f1e00570474abea1791d490f377) Importer(815301076,1909f56bfc062723c751e8b465ee728b)
Start importing Assets/SO using Guid(1bd74f1e00570474abea1791d490f377) Importer(815301076,1909f56bfc062723c751e8b465ee728b)  -> (artifact id: '0b7d130a5b62a3c60f85f94af707f719') in 0.007250 seconds 
  Import took 0.010490 seconds .

